<?xml version="1.0" encoding="UTF-8"?>
<!-- Generated by org.testng.reporters.JUnitXMLReporter -->
<testsuite ignored="0" hostname="LAPTOP-P5O4GDE7" failures="0" tests="4" name="Test" time="0.072" errors="0" timestamp="2020-08-27T20:51:54 IST">
  <testcase classname="Ashrith.Maven.AppiumTest" name="closeApp" time="0.01"/>
  <testcase classname="Ashrith.Maven.AppiumTest" name="openApp" time="0.002"/>
  <testcase classname="Ashrith.Maven.SeleniumTest" name="WindowUI" time="0.001"/>
  <testcase classname="Ashrith.Maven.SeleniumTest" name="browser" time="0.001"/>
</testsuite> <!-- Test -->
