<?xml version="1.0" encoding="UTF-8"?>
<testng-results ignored="0" total="4" passed="4" failed="0" skipped="0">
  <reporter-output>
  </reporter-output>
  <suite started-at="2020-08-27T20:51:54 IST" name="Suite" finished-at="2020-08-27T20:51:54 IST" duration-ms="72">
    <groups>
    </groups>
    <test started-at="2020-08-27T20:51:54 IST" name="Test" finished-at="2020-08-27T20:51:54 IST" duration-ms="72">
      <class name="Ashrith.Maven.AppiumTest">
        <test-method signature="closeApp()[pri:0, instance:Ashrith.Maven.AppiumTest@2abf4075]" started-at="2020-08-27T20:51:54 IST" name="closeApp" finished-at="2020-08-27T20:51:54 IST" duration-ms="10" status="PASS">
          <reporter-output>
          </reporter-output>
        </test-method> <!-- closeApp -->
        <test-method signature="openApp()[pri:0, instance:Ashrith.Maven.AppiumTest@2abf4075]" started-at="2020-08-27T20:51:54 IST" name="openApp" finished-at="2020-08-27T20:51:54 IST" duration-ms="2" status="PASS">
          <reporter-output>
          </reporter-output>
        </test-method> <!-- openApp -->
      </class> <!-- Ashrith.Maven.AppiumTest -->
      <class name="Ashrith.Maven.SeleniumTest">
        <test-method signature="WindowUI()[pri:0, instance:Ashrith.Maven.SeleniumTest@770d3326]" started-at="2020-08-27T20:51:54 IST" name="WindowUI" finished-at="2020-08-27T20:51:54 IST" duration-ms="1" status="PASS">
          <reporter-output>
          </reporter-output>
        </test-method> <!-- WindowUI -->
        <test-method signature="browser()[pri:0, instance:Ashrith.Maven.SeleniumTest@770d3326]" started-at="2020-08-27T20:51:54 IST" name="browser" finished-at="2020-08-27T20:51:54 IST" duration-ms="1" status="PASS">
          <reporter-output>
          </reporter-output>
        </test-method> <!-- browser -->
      </class> <!-- Ashrith.Maven.SeleniumTest -->
    </test> <!-- Test -->
  </suite> <!-- Suite -->
</testng-results>
