<?xml version="1.0" encoding="UTF-8"?>
<!-- Generated by org.testng.reporters.JUnitXMLReporter -->
<testsuite ignored="0" hostname="LAPTOP-P5O4GDE7" failures="0" tests="4" name="Command line test" time="0.042" errors="0" timestamp="2020-08-28T12:39:22 IST">
  <testcase classname="Ashrith.Maven.AppiumTest" name="closeApp" time="0.003"/>
  <testcase classname="Ashrith.Maven.AppiumTest" name="openApp" time="0.0"/>
  <testcase classname="Ashrith.Maven.SeleniumTest" name="WindowUI" time="0.0"/>
  <testcase classname="Ashrith.Maven.SeleniumTest" name="browser" time="0.0"/>
</testsuite> <!-- Command line test -->
