<?xml version="1.0" encoding="UTF-8"?>
<testng-results ignored="0" total="4" passed="4" failed="0" skipped="0">
  <reporter-output>
  </reporter-output>
  <suite started-at="2020-08-28T12:39:22 IST" name="Command line suite" finished-at="2020-08-28T12:39:22 IST" duration-ms="42">
    <groups>
    </groups>
    <test started-at="2020-08-28T12:39:22 IST" name="Command line test" finished-at="2020-08-28T12:39:22 IST" duration-ms="42">
      <class name="Ashrith.Maven.AppiumTest">
        <test-method signature="closeApp()[pri:0, instance:Ashrith.Maven.AppiumTest@1ab3a8c8]" started-at="2020-08-28T12:39:22 IST" name="closeApp" finished-at="2020-08-28T12:39:22 IST" duration-ms="3" status="PASS">
          <reporter-output>
          </reporter-output>
        </test-method> <!-- closeApp -->
        <test-method signature="openApp()[pri:0, instance:Ashrith.Maven.AppiumTest@1ab3a8c8]" started-at="2020-08-28T12:39:22 IST" name="openApp" finished-at="2020-08-28T12:39:22 IST" duration-ms="0" status="PASS">
          <reporter-output>
          </reporter-output>
        </test-method> <!-- openApp -->
      </class> <!-- Ashrith.Maven.AppiumTest -->
      <class name="Ashrith.Maven.SeleniumTest">
        <test-method signature="WindowUI()[pri:0, instance:Ashrith.Maven.SeleniumTest@43195e57]" started-at="2020-08-28T12:39:22 IST" name="WindowUI" finished-at="2020-08-28T12:39:22 IST" duration-ms="0" status="PASS">
          <reporter-output>
          </reporter-output>
        </test-method> <!-- WindowUI -->
        <test-method signature="browser()[pri:0, instance:Ashrith.Maven.SeleniumTest@43195e57]" started-at="2020-08-28T12:39:22 IST" name="browser" finished-at="2020-08-28T12:39:22 IST" duration-ms="0" status="PASS">
          <reporter-output>
          </reporter-output>
        </test-method> <!-- browser -->
      </class> <!-- Ashrith.Maven.SeleniumTest -->
    </test> <!-- Command line test -->
  </suite> <!-- Command line suite -->
</testng-results>
